<?xml version="1.0" encoding="UTF-8"?>
<!-- Generated by org.testng.reporters.JUnitReportReporter -->
<testsuite hostname="DESKTOP-32NKH3D" failures="0" tests="2" name="com.cjc.SecurityTesting" time="6.034" errors="0" timestamp="2022-07-04T12:36:09 IST" skipped="0">
  <testcase classname="com.cjc.SecurityTesting" name="digestTest" time="1.397"/>
  <system-out/>
  <testcase classname="com.cjc.SecurityTesting" name="basicTest" time="4.637"/>
  <system-out/>
</testsuite> <!-- com.cjc.SecurityTesting -->
