<?xml version="1.0" encoding="UTF-8"?>
<!-- Generated by org.testng.reporters.JUnitReportReporter -->
<testsuite hostname="DESKTOP-32NKH3D" failures="0" tests="1" name="com.cjc.DemoApi_RestAssured" time="3.096" errors="0" timestamp="2022-07-04T12:29:02 IST" skipped="0">
  <testcase classname="com.cjc.DemoApi_RestAssured" name="deleteMethod" time="3.096"/>
  <system-out/>
</testsuite> <!-- com.cjc.DemoApi_RestAssured -->
