<?xml version="1.0" encoding="UTF-8"?>
<!-- Generated by org.testng.reporters.JUnitReportReporter -->
<testsuite hostname="DESKTOP-32NKH3D" failures="0" tests="2" name="com.cjc.XML.MercuryTours_login" time="10.550" errors="0" timestamp="2022-05-27T16:45:43 IST" skipped="0">
  <testcase classname="com.cjc.XML.MercuryTours_login" name="loginwithValidDetails1" time="2.525"/>
  <system-out/>
  <testcase classname="com.cjc.XML.MercuryTours_login" name="loginwithValidDetails" time="8.025"/>
  <system-out/>
</testsuite> <!-- com.cjc.XML.MercuryTours_login -->
