<?xml version="1.0" encoding="UTF-8"?>
<!-- Generated by org.testng.reporters.JUnitReportReporter -->
<testsuite hostname="DESKTOP-32NKH3D" failures="0" tests="1" name="com.cjc.Demo" time="0.013" errors="0" timestamp="2022-05-25T14:37:00 IST" skipped="0">
  <testcase classname="com.cjc.Demo" name="f" time="0.013"/>
  <system-out/>
</testsuite> <!-- com.cjc.Demo -->
