<?xml version="1.0" encoding="UTF-8"?>
<!-- Generated by org.testng.reporters.JUnitReportReporter -->
<testsuite hostname="DESKTOP-32NKH3D" failures="0" tests="1" name="com.cjc.MercuryTours_login" time="4.832" errors="0" timestamp="2022-05-27T14:58:03 IST" skipped="0">
  <testcase classname="com.cjc.MercuryTours_login" name="loginwithValidDetails" time="4.832"/>
  <system-out/>
</testsuite> <!-- com.cjc.MercuryTours_login -->
