<?xml version="1.0" encoding="UTF-8"?>
<!-- Generated by org.testng.reporters.JUnitReportReporter -->
<testsuite hostname="DESKTOP-32NKH3D" failures="0" tests="2" name="com.cjc.MercuryTours_login_DataProvider" time="9.155" errors="0" timestamp="2022-07-22T21:29:23 IST" skipped="0">
  <testcase classname="com.cjc.MercuryTours_login_DataProvider" name="loginwithValidDetails" time="4.437"/>
  <system-out/>
  <testcase classname="com.cjc.MercuryTours_login_DataProvider" name="loginwithValidDetails" time="4.718"/>
  <system-out/>
</testsuite> <!-- com.cjc.MercuryTours_login_DataProvider -->
