<?xml version="1.0" encoding="UTF-8"?>
<!-- Generated by org.testng.reporters.JUnitReportReporter -->
<testsuite hostname="DESKTOP-32NKH3D" failures="0" tests="3" name="com.cjc.DemoWebShop_DataProvider" time="36.908" errors="0" timestamp="2022-06-24T11:55:51 IST" skipped="0">
  <testcase classname="com.cjc.DemoWebShop_DataProvider" name="loginwithValidDetails" time="13.160"/>
  <system-out/>
  <testcase classname="com.cjc.DemoWebShop_DataProvider" name="loginwithValidDetails" time="11.982"/>
  <system-out/>
  <testcase classname="com.cjc.DemoWebShop_DataProvider" name="loginwithValidDetails" time="11.766"/>
  <system-out/>
</testsuite> <!-- com.cjc.DemoWebShop_DataProvider -->
