<?xml version="1.0" encoding="UTF-8"?>
<!-- Generated by org.testng.reporters.JUnitReportReporter -->
<testsuite hostname="DESKTOP-32NKH3D" failures="0" tests="1" name="Assertion.HardAssertion_MT" time="3.188" errors="0" timestamp="2022-06-01T14:59:54 IST" skipped="0">
  <testcase classname="Assertion.HardAssertion_MT" name="loginwithValidDetails" time="3.188"/>
  <system-out/>
</testsuite> <!-- Assertion.HardAssertion_MT -->
