<?xml version="1.0" encoding="UTF-8"?>
<!-- Generated by org.testng.reporters.JUnitReportReporter -->
<testsuite hostname="DESKTOP-32NKH3D" failures="0" tests="3" name="com.cjc.HTML_Page" time="24.367" errors="0" timestamp="2022-05-27T09:51:18 IST" skipped="0">
  <testcase classname="com.cjc.HTML_Page" name="loginwithValidDetails" time="7.822"/>
  <system-out/>
  <testcase classname="com.cjc.HTML_Page" name="loginwithValidDetails" time="7.867"/>
  <system-out/>
  <testcase classname="com.cjc.HTML_Page" name="loginwithValidDetails" time="8.678"/>
  <system-out/>
</testsuite> <!-- com.cjc.HTML_Page -->
