<?xml version="1.0" encoding="UTF-8"?>
<!-- Generated by org.testng.reporters.JUnitReportReporter -->
<testsuite hostname="DESKTOP-32NKH3D" failures="0" tests="2" name="com.cjc.XML.MercuryTours_login_DataProvider" time="14.249" errors="0" timestamp="2022-05-27T16:45:43 IST" skipped="0">
  <testcase classname="com.cjc.XML.MercuryTours_login_DataProvider" name="Test1" time="8.660"/>
  <system-out/>
  <testcase classname="com.cjc.XML.MercuryTours_login_DataProvider" name="Test2" time="5.589"/>
  <system-out/>
</testsuite> <!-- com.cjc.XML.MercuryTours_login_DataProvider -->
