<?xml version="1.0" encoding="UTF-8"?>
<!-- Generated by org.testng.reporters.JUnitReportReporter -->
<testsuite hostname="DESKTOP-32NKH3D" failures="0" tests="2" name="com.cjc.DempParallel" time="18.560" errors="0" timestamp="2022-07-06T14:38:22 IST" skipped="0">
  <testcase classname="com.cjc.DempParallel" name="m1" time="8.185"/>
  <system-out/>
  <testcase classname="com.cjc.DempParallel" name="m2" time="10.375"/>
  <system-out/>
</testsuite> <!-- com.cjc.DempParallel -->
