<?xml version="1.0" encoding="UTF-8"?>
<!-- Generated by org.testng.reporters.JUnitReportReporter -->
<testsuite hostname="DESKTOP-32NKH3D" failures="0" tests="3" name="com.cjc.fk.webapp.test.FlipkartTest" time="28.049" errors="0" timestamp="2022-07-06T20:28:53 IST" skipped="0">
  <testcase classname="com.cjc.fk.webapp.test.FlipkartTest" name="loginTest" time="7.033"/>
  <system-out/>
  <testcase classname="com.cjc.fk.webapp.test.FlipkartTest" name="searchProd" time="9.647"/>
  <system-out/>
  <testcase classname="com.cjc.fk.webapp.test.FlipkartTest" name="searchProd" time="11.369"/>
  <system-out/>
</testsuite> <!-- com.cjc.fk.webapp.test.FlipkartTest -->
