<?xml version="1.0" encoding="UTF-8"?>
<!-- Generated by org.testng.reporters.JUnitReportReporter -->
<testsuite hostname="DESKTOP-32NKH3D" failures="0" tests="2" name="com.cjc.Mercury_properties_Excel" time="11.711" errors="0" timestamp="2022-06-08T17:33:04 IST" skipped="0">
  <testcase classname="com.cjc.Mercury_properties_Excel" name="loginwithValidDetails" time="7.583"/>
  <system-out/>
  <testcase classname="com.cjc.Mercury_properties_Excel" name="loginwithValidDetails1" time="4.128"/>
  <system-out/>
</testsuite> <!-- com.cjc.Mercury_properties_Excel -->
