<?xml version="1.0" encoding="UTF-8"?>
<!-- Generated by org.testng.reporters.JUnitReportReporter -->
<testsuite hostname="DESKTOP-32NKH3D" failures="0" tests="3" name="com.javatpoint.Grouping" time="0.021" errors="0" timestamp="2022-06-06T21:01:39 IST" skipped="0">
  <testcase classname="com.javatpoint.Grouping" name="java" time="0.003"/>
  <system-out/>
  <testcase classname="com.javatpoint.Grouping" name="tester" time="0.005"/>
  <system-out/>
  <testcase classname="com.javatpoint.Grouping" name="dotnet" time="0.013"/>
  <system-out/>
</testsuite> <!-- com.javatpoint.Grouping -->
