<?xml version="1.0" encoding="UTF-8"?>
<!-- Generated by org.testng.reporters.JUnitReportReporter -->
<testsuite hostname="DESKTOP-32NKH3D" failures="0" tests="5" name="Grouping" time="0.036" errors="0" timestamp="2022-06-06T20:56:24 IST" skipped="0">
  <testcase classname="Grouping" name="Manufacture" time="0.016"/>
  <system-out/>
  <testcase classname="Grouping" name="dotnet" time="0.002"/>
  <system-out/>
  <testcase classname="Grouping" name="tester" time="0.012"/>
  <system-out/>
  <testcase classname="Grouping" name="hr" time="0.003"/>
  <system-out/>
  <testcase classname="Grouping" name="java" time="0.003"/>
  <system-out/>
</testsuite> <!-- Grouping -->
