<?xml version="1.0" encoding="UTF-8"?>
<!-- Generated by org.testng.reporters.JUnitReportReporter -->
<testsuite hostname="DESKTOP-32NKH3D" failures="0" tests="1" name="DataDrivenExcel_Concept.DataRead_Write" time="18.411" errors="0" timestamp="2022-07-03T21:08:24 IST" skipped="0">
  <testcase classname="DataDrivenExcel_Concept.DataRead_Write" name="method" time="18.411"/>
  <system-out/>
</testsuite> <!-- DataDrivenExcel_Concept.DataRead_Write -->
