<?xml version="1.0" encoding="UTF-8"?>
<!-- Generated by org.testng.reporters.JUnitReportReporter -->
<testsuite hostname="DESKTOP-32NKH3D" failures="0" tests="2" name="MercuryTours_Excel" time="15.559" errors="0" timestamp="2022-06-08T16:08:06 IST" skipped="0">
  <testcase classname="MercuryTours_Excel" name="loginwithValidDetails" time="9.491"/>
  <system-out/>
  <testcase classname="MercuryTours_Excel" name="loginwithValidDetails1" time="6.068"/>
  <system-out/>
</testsuite> <!-- MercuryTours_Excel -->
