<?xml version="1.0" encoding="UTF-8"?>
<!-- Generated by org.testng.reporters.JUnitReportReporter -->
<testsuite hostname="DESKTOP-32NKH3D" failures="0" tests="1" name="com.org.DemoWebShop_Register" time="2.286" errors="0" timestamp="2022-06-29T21:41:53 IST" skipped="0">
  <testcase classname="com.org.DemoWebShop_Register" name="f" time="2.286"/>
  <system-out/>
</testsuite> <!-- com.org.DemoWebShop_Register -->
